<?xml version="1.0" encoding="UTF-8"?>
<testng-results skipped="0" failed="0" ignored="0" total="2" passed="2">
  <reporter-output>
    <line>
      <![CDATA[hello]]>
    </line>
  </reporter-output>
  <suite name="Default suite" duration-ms="85" started-at="2019-10-09T12:37:21 IST" finished-at="2019-10-09T12:37:21 IST">
    <groups>
    </groups>
    <test name="Default test" duration-ms="85" started-at="2019-10-09T12:37:21 IST" finished-at="2019-10-09T12:37:21 IST">
      <class name="TestCase.TestCase1">
        <test-method status="PASS" signature="setUp()[pri:0, instance:TestCase.TestCase1@4b9e255]" name="setUp" is-config="true" duration-ms="16" started-at="2019-10-09T12:37:21 IST" finished-at="2019-10-09T12:37:21 IST">
          <reporter-output>
            <line>
              <![CDATA[hello]]>
            </line>
          </reporter-output>
        </test-method> <!-- setUp -->
        <test-method status="PASS" signature="launchingBrowser()[pri:0, instance:TestCase.TestCase1@4b9e255]" name="launchingBrowser" is-config="true" duration-ms="0" started-at="2019-10-09T12:37:21 IST" finished-at="2019-10-09T12:37:21 IST">
          <reporter-output>
          </reporter-output>
        </test-method> <!-- launchingBrowser -->
        <test-method status="PASS" signature="userRegTest()[pri:1, instance:TestCase.TestCase1@4b9e255]" name="userRegTest" duration-ms="7" started-at="2019-10-09T12:37:21 IST" finished-at="2019-10-09T12:37:21 IST">
          <reporter-output>
          </reporter-output>
        </test-method> <!-- userRegTest -->
        <test-method status="PASS" signature="closeBrowser()[pri:0, instance:TestCase.TestCase1@4b9e255]" name="closeBrowser" is-config="true" duration-ms="1" started-at="2019-10-09T12:37:21 IST" finished-at="2019-10-09T12:37:21 IST">
          <reporter-output>
          </reporter-output>
        </test-method> <!-- closeBrowser -->
        <test-method status="PASS" signature="launchingBrowser()[pri:0, instance:TestCase.TestCase1@4b9e255]" name="launchingBrowser" is-config="true" duration-ms="1" started-at="2019-10-09T12:37:21 IST" finished-at="2019-10-09T12:37:21 IST">
          <reporter-output>
          </reporter-output>
        </test-method> <!-- launchingBrowser -->
        <test-method status="PASS" signature="loginTest()[pri:2, instance:TestCase.TestCase1@4b9e255]" name="loginTest" duration-ms="2" started-at="2019-10-09T12:37:21 IST" finished-at="2019-10-09T12:37:21 IST">
          <reporter-output>
          </reporter-output>
        </test-method> <!-- loginTest -->
        <test-method status="PASS" signature="closeBrowser()[pri:0, instance:TestCase.TestCase1@4b9e255]" name="closeBrowser" is-config="true" duration-ms="4" started-at="2019-10-09T12:37:21 IST" finished-at="2019-10-09T12:37:21 IST">
          <reporter-output>
          </reporter-output>
        </test-method> <!-- closeBrowser -->
        <test-method status="PASS" signature="closeDbConn()[pri:0, instance:TestCase.TestCase1@4b9e255]" name="closeDbConn" is-config="true" duration-ms="0" started-at="2019-10-09T12:37:21 IST" finished-at="2019-10-09T12:37:21 IST">
          <reporter-output>
          </reporter-output>
        </test-method> <!-- closeDbConn -->
      </class> <!-- TestCase.TestCase1 -->
    </test> <!-- Default test -->
  </suite> <!-- Default suite -->
</testng-results>
